<?xml version="1.0" encoding="UTF-8"?>
<!-- Generated by org.testng.reporters.JUnitReportReporter -->
<testsuite hostname="AQMIT-LPT-10781" failures="0" tests="3" name="com.github.testCase.GitHubExample" time="2.531" errors="0" timestamp="29 Apr 2022 13:11:17 GMT" skipped="2">
  <testcase classname="com.github.testCase.GitHubExample" name="createRepository" time="2.531"/>
  <testcase classname="com.github.testCase.GitHubExample" name="gettingSpecificRepo">
    <skipped/>
  </testcase> <!-- gettingSpecificRepo -->
  <testcase classname="com.github.testCase.GitHubExample" name="getAllRepository">
    <skipped/>
  </testcase> <!-- getAllRepository -->
</testsuite> <!-- com.github.testCase.GitHubExample -->
